<?xml version="1.0" encoding="UTF-8"?>
<robot generator="Robot 7.0 (Python 3.12.1 on win32)" generated="2024-02-09T10:24:04.160287" rpa="false" schemaversion="5">
<suite id="s1" name="API test" source="C:\Users\junio\Desktop\Desafio_QA_Engineer_AiltonJunior\Desafio_QA_Engineer_Automation\Teste API\API_test.robot">
<test id="s1-t1" name="Caso de teste 1 - Etapa IV - Automação de Teste de API" line="6">
<kw name="Criação de um usuário" owner="Api_test">
<kw name="Generate Random String" owner="String">
<msg time="2024-02-09T10:24:04.640184" level="INFO">${PALAVRA} = TMjr</msg>
<var>${PALAVRA}</var>
<arg>length=4</arg>
<arg>chars=[LETTERS]</arg>
<doc>Generates a string with a desired ``length`` from the given ``chars``.</doc>
<status status="PASS" start="2024-02-09T10:24:04.640184" elapsed="0.000000"/>
</kw>
<kw name="Convert To Lower Case" owner="String">
<msg time="2024-02-09T10:24:04.640184" level="INFO">${PALAVRA} = tmjr</msg>
<var>${PALAVRA}</var>
<arg>${PALAVRA}</arg>
<doc>Converts string to lower case.</doc>
<status status="PASS" start="2024-02-09T10:24:04.640184" elapsed="0.000000"/>
</kw>
<kw name="Set Test Variable" owner="BuiltIn">
<msg time="2024-02-09T10:24:04.640184" level="INFO">${EMAIL} = tmjr@teste.com</msg>
<arg>${EMAIL}</arg>
<arg>${PALAVRA}@teste.com</arg>
<doc>Makes a variable available everywhere within the scope of the current test.</doc>
<status status="PASS" start="2024-02-09T10:24:04.640184" elapsed="0.000000"/>
</kw>
<kw name="Log To Console" owner="BuiltIn">
<arg>Meu e-mail é: ${EMAIL}</arg>
<doc>Logs the given message to the console.</doc>
<status status="PASS" start="2024-02-09T10:24:04.640184" elapsed="0.000000"/>
</kw>
<status status="PASS" start="2024-02-09T10:24:04.640184" elapsed="0.000000"/>
</kw>
<kw name="Cadastrando usuario" owner="Api_test">
<kw name="Create Dictionary" owner="BuiltIn">
<msg time="2024-02-09T10:24:04.650159" level="INFO">${Body} = {'nome': 'Nome de teste', 'email': 'tmjr@teste.com', 'password': 'teste123', 'administrador': 'true'}</msg>
<var>${Body}</var>
<arg>nome=Nome de teste</arg>
<arg>email=${EMAIL}</arg>
<arg>password=teste123</arg>
<arg>administrador=true</arg>
<doc>Creates and returns a dictionary based on the given ``items``.</doc>
<status status="PASS" start="2024-02-09T10:24:04.640184" elapsed="0.009975"/>
</kw>
<kw name="Iniciar Sessao ServeRest" owner="Api_test">
<kw name="Create Dictionary" owner="BuiltIn">
<msg time="2024-02-09T10:24:04.651616" level="INFO">${headers} = {'accept': 'application/json', 'Content-Type': 'application/json'}</msg>
<var>${headers}</var>
<arg>accept=application/json</arg>
<arg>Content-Type=application/json</arg>
<doc>Creates and returns a dictionary based on the given ``items``.</doc>
<status status="PASS" start="2024-02-09T10:24:04.650159" elapsed="0.001457"/>
</kw>
<kw name="Create Session" owner="RequestsLibrary">
<msg time="2024-02-09T10:24:04.652615" level="INFO">Creating Session using : alias=ServeRest, url=https://serverest.dev, headers={'accept': 'application/json', 'Content-Type': 'application/json'},                     cookies={}, auth=None, timeout=None, proxies=None, verify=False,                     debug=0 </msg>
<arg>alias=ServeRest</arg>
<arg>url=https://serverest.dev</arg>
<arg>headers=${headers}</arg>
<doc>Create Session: create a HTTP session to a server</doc>
<status status="PASS" start="2024-02-09T10:24:04.651616" elapsed="0.000999"/>
</kw>
<status status="PASS" start="2024-02-09T10:24:04.650159" elapsed="0.002456"/>
</kw>
<kw name="POST On Session" owner="RequestsLibrary">
<msg time="2024-02-09T10:24:05.151367" level="INFO">POST Request : url=https://serverest.dev/usuarios 
 path_url=/usuarios 
 headers={'User-Agent': 'python-requests/2.31.0', 'Accept-Encoding': 'gzip, deflate', 'accept': 'application/json', 'Connection': 'keep-alive', 'Content-Type': 'application/json', 'Content-Length': '101'} 
 body=b'{"nome": "Nome de teste", "email": "tmjr@teste.com", "password": "teste123", "administrador": "true"}' 
 </msg>
<msg time="2024-02-09T10:24:05.151367" level="INFO">POST Response : url=https://serverest.dev/usuarios 
 status=201, reason=Created 
 headers={'access-control-allow-origin': '*', 'x-dns-prefetch-control': 'off', 'x-frame-options': 'SAMEORIGIN', 'strict-transport-security': 'max-age=15552000; includeSubDomains', 'x-download-options': 'noopen', 'x-content-type-options': 'nosniff', 'x-xss-protection': '1; mode=block', 'content-type': 'application/json; charset=utf-8', 'X-Cloud-Trace-Context': '6425946a5ae81b949ebada8f7d7747c8', 'Date': 'Fri, 09 Feb 2024 14:23:54 GMT', 'Server': 'Google Frontend', 'Content-Length': '82'} 
 body={
    "message": "Cadastro realizado com sucesso",
    "_id": "8iYufml00lfWetAv"
} 
 </msg>
<msg time="2024-02-09T10:24:05.151367" level="INFO">C:\Users\junio\AppData\Local\Programs\Python\Python312\Lib\site-packages\urllib3\connectionpool.py:1103: InsecureRequestWarning: Unverified HTTPS request is being made to host 'serverest.dev'. Adding certificate verification is strongly advised. See: https://urllib3.readthedocs.io/en/latest/advanced-usage.html#tls-warnings
  warnings.warn(</msg>
<msg time="2024-02-09T10:24:05.151367" level="INFO">${RESPOSTA} = &lt;Response [201]&gt;</msg>
<var>${RESPOSTA}</var>
<arg>alias=ServeRest</arg>
<arg>url=/usuarios</arg>
<arg>json=${Body}</arg>
<doc>Sends a POST request on a previously created HTTP Session.</doc>
<status status="PASS" start="2024-02-09T10:24:04.652615" elapsed="0.498752"/>
</kw>
<kw name="Log" owner="BuiltIn">
<msg time="2024-02-09T10:24:05.151367" level="INFO">Reponsta_Json: {'message': 'Cadastro realizado com sucesso', '_id': '8iYufml00lfWetAv'}</msg>
<arg>Reponsta_Json: ${RESPOSTA.json()}</arg>
<doc>Logs the given message with the given level.</doc>
<status status="PASS" start="2024-02-09T10:24:05.151367" elapsed="0.000000"/>
</kw>
<kw name="Set Test Variable" owner="BuiltIn">
<msg time="2024-02-09T10:24:05.151367" level="INFO">${RESPOSTAJSON} = {'message': 'Cadastro realizado com sucesso', '_id': '8iYufml00lfWetAv'}</msg>
<arg>${RESPOSTAJSON}</arg>
<arg>${RESPOSTA.json()}</arg>
<doc>Makes a variable available everywhere within the scope of the current test.</doc>
<status status="PASS" start="2024-02-09T10:24:05.151367" elapsed="0.000000"/>
</kw>
<status status="PASS" start="2024-02-09T10:24:04.640184" elapsed="0.511183"/>
</kw>
<kw name="Iniciar Sessao ServeRest" owner="Api_test">
<kw name="Create Dictionary" owner="BuiltIn">
<msg time="2024-02-09T10:24:05.161297" level="INFO">${headers} = {'accept': 'application/json', 'Content-Type': 'application/json'}</msg>
<var>${headers}</var>
<arg>accept=application/json</arg>
<arg>Content-Type=application/json</arg>
<doc>Creates and returns a dictionary based on the given ``items``.</doc>
<status status="PASS" start="2024-02-09T10:24:05.151367" elapsed="0.009930"/>
</kw>
<kw name="Create Session" owner="RequestsLibrary">
<msg time="2024-02-09T10:24:05.161297" level="INFO">Creating Session using : alias=ServeRest, url=https://serverest.dev, headers={'accept': 'application/json', 'Content-Type': 'application/json'},                     cookies={}, auth=None, timeout=None, proxies=None, verify=False,                     debug=0 </msg>
<arg>alias=ServeRest</arg>
<arg>url=https://serverest.dev</arg>
<arg>headers=${headers}</arg>
<doc>Create Session: create a HTTP session to a server</doc>
<status status="PASS" start="2024-02-09T10:24:05.161297" elapsed="0.000000"/>
</kw>
<status status="PASS" start="2024-02-09T10:24:05.151367" elapsed="0.009930"/>
</kw>
<kw name="Verificar se o usuário foi criado" owner="Api_test">
<kw name="Log" owner="BuiltIn">
<msg time="2024-02-09T10:24:05.161297" level="INFO">{'message': 'Cadastro realizado com sucesso', '_id': '8iYufml00lfWetAv'}</msg>
<arg>${RESPOSTAJSON}</arg>
<doc>Logs the given message with the given level.</doc>
<status status="PASS" start="2024-02-09T10:24:05.161297" elapsed="0.000000"/>
</kw>
<kw name="Dictionary Should Contain Item" owner="Collections">
<msg time="2024-02-09T10:24:05.161297" level="INFO">False
False</msg>
<arg>${RESPOSTAJSON}</arg>
<arg>message</arg>
<arg>Cadastro realizado com sucesso</arg>
<doc>An item of ``key`` / ``value`` must be found in a ``dictionary``.</doc>
<status status="PASS" start="2024-02-09T10:24:05.161297" elapsed="0.000000"/>
</kw>
<kw name="Dictionary Should Contain Key" owner="Collections">
<msg time="2024-02-09T10:24:05.161297" level="INFO">False</msg>
<arg>${RESPOSTAJSON}</arg>
<arg>_id</arg>
<doc>Fails if ``key`` is not found from ``dictionary``.</doc>
<status status="PASS" start="2024-02-09T10:24:05.161297" elapsed="0.000000"/>
</kw>
<status status="PASS" start="2024-02-09T10:24:05.161297" elapsed="0.000000"/>
</kw>
<doc>Esse teste visa fazer os testes da API ServeRest - Cadastro de usuário</doc>
<tag>Cadastro usuario</tag>
<status status="PASS" start="2024-02-09T10:24:04.640184" elapsed="0.521113"/>
</test>
<test id="s1-t2" name="Caso de teste 2 - Etapa IV - Automação de Teste de API" line="14">
<kw name="Criação de um usuário" owner="Api_test">
<kw name="Generate Random String" owner="String">
<msg time="2024-02-09T10:24:05.169323" level="INFO">${PALAVRA} = qhqE</msg>
<var>${PALAVRA}</var>
<arg>length=4</arg>
<arg>chars=[LETTERS]</arg>
<doc>Generates a string with a desired ``length`` from the given ``chars``.</doc>
<status status="PASS" start="2024-02-09T10:24:05.169323" elapsed="0.001022"/>
</kw>
<kw name="Convert To Lower Case" owner="String">
<msg time="2024-02-09T10:24:05.170345" level="INFO">${PALAVRA} = qhqe</msg>
<var>${PALAVRA}</var>
<arg>${PALAVRA}</arg>
<doc>Converts string to lower case.</doc>
<status status="PASS" start="2024-02-09T10:24:05.170345" elapsed="0.000000"/>
</kw>
<kw name="Set Test Variable" owner="BuiltIn">
<msg time="2024-02-09T10:24:05.172942" level="INFO">${EMAIL} = qhqe@teste.com</msg>
<arg>${EMAIL}</arg>
<arg>${PALAVRA}@teste.com</arg>
<doc>Makes a variable available everywhere within the scope of the current test.</doc>
<status status="PASS" start="2024-02-09T10:24:05.171582" elapsed="0.001360"/>
</kw>
<kw name="Log To Console" owner="BuiltIn">
<arg>Meu e-mail é: ${EMAIL}</arg>
<doc>Logs the given message to the console.</doc>
<status status="PASS" start="2024-02-09T10:24:05.173943" elapsed="0.000000"/>
</kw>
<status status="PASS" start="2024-02-09T10:24:05.161297" elapsed="0.013646"/>
</kw>
<kw name="Cadastrando usuario" owner="Api_test">
<kw name="Create Dictionary" owner="BuiltIn">
<msg time="2024-02-09T10:24:05.176944" level="INFO">${Body} = {'nome': 'Nome de teste', 'email': 'qhqe@teste.com', 'password': 'teste123', 'administrador': 'true'}</msg>
<var>${Body}</var>
<arg>nome=Nome de teste</arg>
<arg>email=${EMAIL}</arg>
<arg>password=teste123</arg>
<arg>administrador=true</arg>
<doc>Creates and returns a dictionary based on the given ``items``.</doc>
<status status="PASS" start="2024-02-09T10:24:05.175943" elapsed="0.001001"/>
</kw>
<kw name="Iniciar Sessao ServeRest" owner="Api_test">
<kw name="Create Dictionary" owner="BuiltIn">
<msg time="2024-02-09T10:24:05.178940" level="INFO">${headers} = {'accept': 'application/json', 'Content-Type': 'application/json'}</msg>
<var>${headers}</var>
<arg>accept=application/json</arg>
<arg>Content-Type=application/json</arg>
<doc>Creates and returns a dictionary based on the given ``items``.</doc>
<status status="PASS" start="2024-02-09T10:24:05.177944" elapsed="0.000996"/>
</kw>
<kw name="Create Session" owner="RequestsLibrary">
<msg time="2024-02-09T10:24:05.178940" level="INFO">Creating Session using : alias=ServeRest, url=https://serverest.dev, headers={'accept': 'application/json', 'Content-Type': 'application/json'},                     cookies={}, auth=None, timeout=None, proxies=None, verify=False,                     debug=0 </msg>
<arg>alias=ServeRest</arg>
<arg>url=https://serverest.dev</arg>
<arg>headers=${headers}</arg>
<doc>Create Session: create a HTTP session to a server</doc>
<status status="PASS" start="2024-02-09T10:24:05.178940" elapsed="0.001000"/>
</kw>
<status status="PASS" start="2024-02-09T10:24:05.176944" elapsed="0.002996"/>
</kw>
<kw name="POST On Session" owner="RequestsLibrary">
<msg time="2024-02-09T10:24:05.671805" level="INFO">POST Request : url=https://serverest.dev/usuarios 
 path_url=/usuarios 
 headers={'User-Agent': 'python-requests/2.31.0', 'Accept-Encoding': 'gzip, deflate', 'accept': 'application/json', 'Connection': 'keep-alive', 'Content-Type': 'application/json', 'Content-Length': '101'} 
 body=b'{"nome": "Nome de teste", "email": "qhqe@teste.com", "password": "teste123", "administrador": "true"}' 
 </msg>
<msg time="2024-02-09T10:24:05.671805" level="INFO">POST Response : url=https://serverest.dev/usuarios 
 status=201, reason=Created 
 headers={'access-control-allow-origin': '*', 'x-dns-prefetch-control': 'off', 'x-frame-options': 'SAMEORIGIN', 'strict-transport-security': 'max-age=15552000; includeSubDomains', 'x-download-options': 'noopen', 'x-content-type-options': 'nosniff', 'x-xss-protection': '1; mode=block', 'content-type': 'application/json; charset=utf-8', 'X-Cloud-Trace-Context': '6827575b11d2425b45b91c92eb97d473', 'Date': 'Fri, 09 Feb 2024 14:23:54 GMT', 'Server': 'Google Frontend', 'Content-Length': '82'} 
 body={
    "message": "Cadastro realizado com sucesso",
    "_id": "upkY86HmnGmGWFcL"
} 
 </msg>
<msg time="2024-02-09T10:24:05.671805" level="INFO">C:\Users\junio\AppData\Local\Programs\Python\Python312\Lib\site-packages\urllib3\connectionpool.py:1103: InsecureRequestWarning: Unverified HTTPS request is being made to host 'serverest.dev'. Adding certificate verification is strongly advised. See: https://urllib3.readthedocs.io/en/latest/advanced-usage.html#tls-warnings
  warnings.warn(</msg>
<msg time="2024-02-09T10:24:05.671805" level="INFO">${RESPOSTA} = &lt;Response [201]&gt;</msg>
<var>${RESPOSTA}</var>
<arg>alias=ServeRest</arg>
<arg>url=/usuarios</arg>
<arg>json=${Body}</arg>
<doc>Sends a POST request on a previously created HTTP Session.</doc>
<status status="PASS" start="2024-02-09T10:24:05.179940" elapsed="0.491865"/>
</kw>
<kw name="Log" owner="BuiltIn">
<msg time="2024-02-09T10:24:05.671805" level="INFO">Reponsta_Json: {'message': 'Cadastro realizado com sucesso', '_id': 'upkY86HmnGmGWFcL'}</msg>
<arg>Reponsta_Json: ${RESPOSTA.json()}</arg>
<doc>Logs the given message with the given level.</doc>
<status status="PASS" start="2024-02-09T10:24:05.671805" elapsed="0.000000"/>
</kw>
<kw name="Set Test Variable" owner="BuiltIn">
<msg time="2024-02-09T10:24:05.681755" level="INFO">${RESPOSTAJSON} = {'message': 'Cadastro realizado com sucesso', '_id': 'upkY86HmnGmGWFcL'}</msg>
<arg>${RESPOSTAJSON}</arg>
<arg>${RESPOSTA.json()}</arg>
<doc>Makes a variable available everywhere within the scope of the current test.</doc>
<status status="PASS" start="2024-02-09T10:24:05.671805" elapsed="0.009950"/>
</kw>
<status status="PASS" start="2024-02-09T10:24:05.174943" elapsed="0.506812"/>
</kw>
<kw name="Login - Obter token" owner="Api_test">
<kw name="Create Dictionary" owner="BuiltIn">
<msg time="2024-02-09T10:24:05.681755" level="INFO">${body} = {'email': 'qhqe@teste.com', 'password': 'teste123'}</msg>
<var>${body}</var>
<arg>email=${EMAIL}</arg>
<arg>password=teste123</arg>
<doc>Creates and returns a dictionary based on the given ``items``.</doc>
<status status="PASS" start="2024-02-09T10:24:05.681755" elapsed="0.000000"/>
</kw>
<kw name="POST On Session" owner="RequestsLibrary">
<msg time="2024-02-09T10:24:05.881895" level="INFO">POST Request : url=https://serverest.dev/login 
 path_url=/login 
 headers={'User-Agent': 'python-requests/2.31.0', 'Accept-Encoding': 'gzip, deflate', 'accept': 'application/json', 'Connection': 'keep-alive', 'Content-Type': 'application/json', 'Content-Length': '51'} 
 body=b'{"email": "qhqe@teste.com", "password": "teste123"}' 
 </msg>
<msg time="2024-02-09T10:24:05.881895" level="INFO">POST Response : url=https://serverest.dev/login 
 status=200, reason=OK 
 headers={'access-control-allow-origin': '*', 'x-dns-prefetch-control': 'off', 'x-frame-options': 'SAMEORIGIN', 'strict-transport-security': 'max-age=15552000; includeSubDomains', 'x-download-options': 'noopen', 'x-content-type-options': 'nosniff', 'x-xss-protection': '1; mode=block', 'content-type': 'application/json; charset=utf-8', 'X-Cloud-Trace-Context': '0976fca9a89360f67287d44cabf22661', 'Date': 'Fri, 09 Feb 2024 14:23:55 GMT', 'Server': 'Google Frontend', 'Content-Length': '271'} 
 body={
    "message": "Login realizado com sucesso",
    "authorization": "Bearer eyJhbGciOiJIUzI1NiIsInR5cCI6IkpXVCJ9.eyJlbWFpbCI6InFocWVAdGVzdGUuY29tIiwicGFzc3dvcmQiOiJ0ZXN0ZTEyMyIsImlhdCI6MTcwNzQ4ODYzNSwiZXhwIjoxNzA3NDg5MjM1fQ.9EOjwqNLMo5u2_1JEvomczyvlLjplgvNBSQdgLbsxeE"
} 
 </msg>
<msg time="2024-02-09T10:24:05.881895" level="INFO">C:\Users\junio\AppData\Local\Programs\Python\Python312\Lib\site-packages\urllib3\connectionpool.py:1103: InsecureRequestWarning: Unverified HTTPS request is being made to host 'serverest.dev'. Adding certificate verification is strongly advised. See: https://urllib3.readthedocs.io/en/latest/advanced-usage.html#tls-warnings
  warnings.warn(</msg>
<msg time="2024-02-09T10:24:05.881895" level="INFO">${resposta} = &lt;Response [200]&gt;</msg>
<var>${resposta}</var>
<arg>alias=ServeRest</arg>
<arg>url=/login</arg>
<arg>json=${body}</arg>
<arg>expected_status=200</arg>
<doc>Sends a POST request on a previously created HTTP Session.</doc>
<status status="PASS" start="2024-02-09T10:24:05.681755" elapsed="0.200140"/>
</kw>
<kw name="Set Test Variable" owner="BuiltIn">
<msg time="2024-02-09T10:24:05.881895" level="INFO">${RESPOSTA} = {'message': 'Login realizado com sucesso', 'authorization': 'Bearer eyJhbGciOiJIUzI1NiIsInR5cCI6IkpXVCJ9.eyJlbWFpbCI6InFocWVAdGVzdGUuY29tIiwicGFzc3dvcmQiOiJ0ZXN0ZTEyMyIsImlhdCI6MTcwNzQ4ODYzNSwiZXhwIjo...</msg>
<arg>${RESPOSTA}</arg>
<arg>${resposta.json()}</arg>
<doc>Makes a variable available everywhere within the scope of the current test.</doc>
<status status="PASS" start="2024-02-09T10:24:05.881895" elapsed="0.000000"/>
</kw>
<kw name="Log" owner="BuiltIn">
<msg time="2024-02-09T10:24:05.881895" level="INFO">{'message': 'Login realizado com sucesso', 'authorization': 'Bearer eyJhbGciOiJIUzI1NiIsInR5cCI6IkpXVCJ9.eyJlbWFpbCI6InFocWVAdGVzdGUuY29tIiwicGFzc3dvcmQiOiJ0ZXN0ZTEyMyIsImlhdCI6MTcwNzQ4ODYzNSwiZXhwIjoxNzA3NDg5MjM1fQ.9EOjwqNLMo5u2_1JEvomczyvlLjplgvNBSQdgLbsxeE'}</msg>
<arg>${RESPOSTA}</arg>
<doc>Logs the given message with the given level.</doc>
<status status="PASS" start="2024-02-09T10:24:05.881895" elapsed="0.000000"/>
</kw>
<kw name="Dictionary Should Contain Item" owner="Collections">
<msg time="2024-02-09T10:24:05.891828" level="INFO">False
False</msg>
<arg>${RESPOSTA}</arg>
<arg>message</arg>
<arg>Login realizado com sucesso</arg>
<doc>An item of ``key`` / ``value`` must be found in a ``dictionary``.</doc>
<status status="PASS" start="2024-02-09T10:24:05.891828" elapsed="0.000000"/>
</kw>
<kw name="Dictionary Should Contain Key" owner="Collections">
<msg time="2024-02-09T10:24:05.891828" level="INFO">False</msg>
<arg>${RESPOSTA}</arg>
<arg>authorization</arg>
<doc>Fails if ``key`` is not found from ``dictionary``.</doc>
<status status="PASS" start="2024-02-09T10:24:05.891828" elapsed="0.000000"/>
</kw>
<kw name="Get From Dictionary" owner="Collections">
<msg time="2024-02-09T10:24:05.891828" level="INFO">${TOKEN} = Bearer eyJhbGciOiJIUzI1NiIsInR5cCI6IkpXVCJ9.eyJlbWFpbCI6InFocWVAdGVzdGUuY29tIiwicGFzc3dvcmQiOiJ0ZXN0ZTEyMyIsImlhdCI6MTcwNzQ4ODYzNSwiZXhwIjoxNzA3NDg5MjM1fQ.9EOjwqNLMo5u2_1JEvomczyvlLjplgvNBSQdgLbsxeE</msg>
<var>${TOKEN}</var>
<arg>${RESPOSTA}</arg>
<arg>authorization</arg>
<arg>default</arg>
<doc>Returns a value from the given ``dictionary`` based on the given ``key``.</doc>
<status status="PASS" start="2024-02-09T10:24:05.891828" elapsed="0.000000"/>
</kw>
<kw name="Set Suite Variable" owner="BuiltIn">
<msg time="2024-02-09T10:24:05.891828" level="INFO">${TOKEN} = Bearer eyJhbGciOiJIUzI1NiIsInR5cCI6IkpXVCJ9.eyJlbWFpbCI6InFocWVAdGVzdGUuY29tIiwicGFzc3dvcmQiOiJ0ZXN0ZTEyMyIsImlhdCI6MTcwNzQ4ODYzNSwiZXhwIjoxNzA3NDg5MjM1fQ.9EOjwqNLMo5u2_1JEvomczyvlLjplgvNBSQdgLbsxeE</msg>
<arg>${TOKEN}</arg>
<doc>Makes a variable available everywhere within the scope of the current suite.</doc>
<status status="PASS" start="2024-02-09T10:24:05.891828" elapsed="0.000000"/>
</kw>
<status status="PASS" start="2024-02-09T10:24:05.681755" elapsed="0.210073"/>
</kw>
<kw name="Criação de um produto" owner="Api_test">
<kw name="Generate Random String" owner="String">
<msg time="2024-02-09T10:24:05.891828" level="INFO">${CODIGO} = 5403</msg>
<var>${CODIGO}</var>
<arg>length=4</arg>
<arg>chars=[NUMBERS]</arg>
<doc>Generates a string with a desired ``length`` from the given ``chars``.</doc>
<status status="PASS" start="2024-02-09T10:24:05.891828" elapsed="0.000000"/>
</kw>
<kw name="Set Test Variable" owner="BuiltIn">
<msg time="2024-02-09T10:24:05.891828" level="INFO">${PRODUTO} = Produto.5403</msg>
<arg>${PRODUTO}</arg>
<arg>Produto.${CODIGO}</arg>
<doc>Makes a variable available everywhere within the scope of the current test.</doc>
<status status="PASS" start="2024-02-09T10:24:05.891828" elapsed="0.000000"/>
</kw>
<kw name="Log" owner="BuiltIn">
<msg time="2024-02-09T10:24:05.891828" level="INFO">nome do meu produto: Produto.5403</msg>
<arg>nome do meu produto: ${PRODUTO}</arg>
<doc>Logs the given message with the given level.</doc>
<status status="PASS" start="2024-02-09T10:24:05.891828" elapsed="0.000000"/>
</kw>
<status status="PASS" start="2024-02-09T10:24:05.891828" elapsed="0.000000"/>
</kw>
<kw name="Cadastrando de produto" owner="Api_test">
<kw name="Create Dictionary" owner="BuiltIn">
<msg time="2024-02-09T10:24:05.891828" level="INFO">${Body} = {'nome': 'Produto.5403', 'preco': '320', 'descricao': 'Notebook', 'quantidade': '400'}</msg>
<var>${Body}</var>
<arg>nome=${PRODUTO}</arg>
<arg>preco=320</arg>
<arg>descricao=Notebook</arg>
<arg>quantidade=400</arg>
<doc>Creates and returns a dictionary based on the given ``items``.</doc>
<status status="PASS" start="2024-02-09T10:24:05.891828" elapsed="0.000000"/>
</kw>
<kw name="Create Dictionary" owner="BuiltIn">
<msg time="2024-02-09T10:24:05.891828" level="INFO">${headers} = {'Authorization': 'Bearer eyJhbGciOiJIUzI1NiIsInR5cCI6IkpXVCJ9.eyJlbWFpbCI6InFocWVAdGVzdGUuY29tIiwicGFzc3dvcmQiOiJ0ZXN0ZTEyMyIsImlhdCI6MTcwNzQ4ODYzNSwiZXhwIjoxNzA3NDg5MjM1fQ.9EOjwqNLMo5u2_1JEvomczyvlL...</msg>
<var>${headers}</var>
<arg>Authorization=${TOKEN}</arg>
<doc>Creates and returns a dictionary based on the given ``items``.</doc>
<status status="PASS" start="2024-02-09T10:24:05.891828" elapsed="0.000000"/>
</kw>
<kw name="POST On Session" owner="RequestsLibrary">
<msg time="2024-02-09T10:24:06.095561" level="INFO">POST Request : url=https://serverest.dev/produtos 
 path_url=/produtos 
 headers={'User-Agent': 'python-requests/2.31.0', 'Accept-Encoding': 'gzip, deflate', 'accept': 'application/json', 'Connection': 'keep-alive', 'Content-Type': 'application/json', 'Authorization': 'Bearer eyJhbGciOiJIUzI1NiIsInR5cCI6IkpXVCJ9.eyJlbWFpbCI6InFocWVAdGVzdGUuY29tIiwicGFzc3dvcmQiOiJ0ZXN0ZTEyMyIsImlhdCI6MTcwNzQ4ODYzNSwiZXhwIjoxNzA3NDg5MjM1fQ.9EOjwqNLMo5u2_1JEvomczyvlLjplgvNBSQdgLbsxeE', 'Content-Length': '86'} 
 body=b'{"nome": "Produto.5403", "preco": "320", "descricao": "Notebook", "quantidade": "400"}' 
 </msg>
<msg time="2024-02-09T10:24:06.095561" level="INFO">POST Response : url=https://serverest.dev/produtos 
 status=201, reason=Created 
 headers={'access-control-allow-origin': '*', 'x-dns-prefetch-control': 'off', 'x-frame-options': 'SAMEORIGIN', 'strict-transport-security': 'max-age=15552000; includeSubDomains', 'x-download-options': 'noopen', 'x-content-type-options': 'nosniff', 'x-xss-protection': '1; mode=block', 'content-type': 'application/json; charset=utf-8', 'X-Cloud-Trace-Context': '42ebfb35ed859a8665ae0c0c60cfb610;o=1', 'Date': 'Fri, 09 Feb 2024 14:23:55 GMT', 'Server': 'Google Frontend', 'Content-Length': '82'} 
 body={
    "message": "Cadastro realizado com sucesso",
    "_id": "9OzsVIbComNaZbKU"
} 
 </msg>
<msg time="2024-02-09T10:24:06.105488" level="INFO">C:\Users\junio\AppData\Local\Programs\Python\Python312\Lib\site-packages\urllib3\connectionpool.py:1103: InsecureRequestWarning: Unverified HTTPS request is being made to host 'serverest.dev'. Adding certificate verification is strongly advised. See: https://urllib3.readthedocs.io/en/latest/advanced-usage.html#tls-warnings
  warnings.warn(</msg>
<msg time="2024-02-09T10:24:06.105488" level="INFO">${RETORNO} = &lt;Response [201]&gt;</msg>
<var>${RETORNO}</var>
<arg>alias=ServeRest</arg>
<arg>url=/produtos</arg>
<arg>json=${Body}</arg>
<arg>headers=${headers}</arg>
<doc>Sends a POST request on a previously created HTTP Session.</doc>
<status status="PASS" start="2024-02-09T10:24:05.891828" elapsed="0.213660"/>
</kw>
<kw name="Log" owner="BuiltIn">
<msg time="2024-02-09T10:24:06.105488" level="INFO">Retorno_Json: {'message': 'Cadastro realizado com sucesso', '_id': '9OzsVIbComNaZbKU'}</msg>
<arg>Retorno_Json: ${RETORNO.json()}</arg>
<doc>Logs the given message with the given level.</doc>
<status status="PASS" start="2024-02-09T10:24:06.105488" elapsed="0.000000"/>
</kw>
<kw name="Set Test Variable" owner="BuiltIn">
<msg time="2024-02-09T10:24:06.105488" level="INFO">${RETORNOJSON} = {'message': 'Cadastro realizado com sucesso', '_id': '9OzsVIbComNaZbKU'}</msg>
<arg>${RETORNOJSON}</arg>
<arg>${RETORNO.json()}</arg>
<doc>Makes a variable available everywhere within the scope of the current test.</doc>
<status status="PASS" start="2024-02-09T10:24:06.105488" elapsed="0.000000"/>
</kw>
<status status="PASS" start="2024-02-09T10:24:05.891828" elapsed="0.213660"/>
</kw>
<kw name="Verificar se o produto foi criado" owner="Api_test">
<kw name="Log" owner="BuiltIn">
<msg time="2024-02-09T10:24:06.105488" level="INFO">{'message': 'Cadastro realizado com sucesso', '_id': '9OzsVIbComNaZbKU'}</msg>
<arg>${RETORNOJSON}</arg>
<doc>Logs the given message with the given level.</doc>
<status status="PASS" start="2024-02-09T10:24:06.105488" elapsed="0.000000"/>
</kw>
<kw name="Dictionary Should Contain Item" owner="Collections">
<msg time="2024-02-09T10:24:06.105488" level="INFO">False
False</msg>
<arg>${RESPOSTAJSON}</arg>
<arg>message</arg>
<arg>Cadastro realizado com sucesso</arg>
<doc>An item of ``key`` / ``value`` must be found in a ``dictionary``.</doc>
<status status="PASS" start="2024-02-09T10:24:06.105488" elapsed="0.000000"/>
</kw>
<kw name="Dictionary Should Contain Key" owner="Collections">
<msg time="2024-02-09T10:24:06.105488" level="INFO">False</msg>
<arg>${RESPOSTAJSON}</arg>
<arg>_id</arg>
<doc>Fails if ``key`` is not found from ``dictionary``.</doc>
<status status="PASS" start="2024-02-09T10:24:06.105488" elapsed="0.000000"/>
</kw>
<status status="PASS" start="2024-02-09T10:24:06.105488" elapsed="0.000000"/>
</kw>
<doc>Esse teste visa fazer os testes da API ServeRest - Cadastro de Produto</doc>
<tag>Cadastro produto</tag>
<status status="PASS" start="2024-02-09T10:24:05.161297" elapsed="0.944191"/>
</test>
<status status="PASS" start="2024-02-09T10:24:04.170289" elapsed="1.935199"/>
</suite>
<statistics>
<total>
<stat pass="2" fail="0" skip="0">All Tests</stat>
</total>
<tag>
<stat pass="1" fail="0" skip="0">Cadastro produto</stat>
<stat pass="1" fail="0" skip="0">Cadastro usuario</stat>
</tag>
<suite>
<stat pass="2" fail="0" skip="0" id="s1" name="API test">API test</stat>
</suite>
</statistics>
<errors>
</errors>
</robot>
