<?xml version="1.0" encoding="UTF-8"?>
<robot generator="Robot 7.0 (Python 3.12.1 on win32)" generated="2024-02-05T20:32:38.135731" rpa="false" schemaversion="5">
<suite id="s1" name="Api test usuario" source="C:\Users\junio\Documents\Desafio QA_Engineer\Teste API\tests\Api_test_usuario.robot">
<test id="s1-t1" name="Caso de teste 1 - Etapa IV - Automação de Teste de API" line="8">
<kw name="Criação de um usuário" owner="Api_test_usuario">
<kw name="Generate Random String" owner="String">
<msg time="2024-02-05T20:32:38.903057" level="INFO">${PALAVRA} = Aisv</msg>
<var>${PALAVRA}</var>
<arg>length=4</arg>
<arg>chars=[LETTERS]</arg>
<doc>Generates a string with a desired ``length`` from the given ``chars``.</doc>
<status status="PASS" start="2024-02-05T20:32:38.902058" elapsed="0.000999"/>
</kw>
<kw name="Convert To Lower Case" owner="String">
<msg time="2024-02-05T20:32:38.904056" level="INFO">${PALAVRA} = aisv</msg>
<var>${PALAVRA}</var>
<arg>${PALAVRA}</arg>
<doc>Converts string to lower case.</doc>
<status status="PASS" start="2024-02-05T20:32:38.903057" elapsed="0.000999"/>
</kw>
<kw name="Set Test Variable" owner="BuiltIn">
<msg time="2024-02-05T20:32:38.905056" level="INFO">${EMAIL} = aisv@teste.com</msg>
<arg>${EMAIL}</arg>
<arg>${PALAVRA}@teste.com</arg>
<doc>Makes a variable available everywhere within the scope of the current test.</doc>
<status status="PASS" start="2024-02-05T20:32:38.904056" elapsed="0.001000"/>
</kw>
<kw name="Log To Console" owner="BuiltIn">
<arg>Meu e-mail é: ${EMAIL}</arg>
<doc>Logs the given message to the console.</doc>
<status status="PASS" start="2024-02-05T20:32:38.905056" elapsed="0.001000"/>
</kw>
<status status="PASS" start="2024-02-05T20:32:38.899060" elapsed="0.006996"/>
</kw>
<kw name="Cadastrando usuario" owner="Api_test_usuario">
<kw name="Create Dictionary" owner="BuiltIn">
<msg time="2024-02-05T20:32:38.909056" level="INFO">${Body} = {'nome': 'Nome de teste', 'email': 'aisv@teste.com', 'password': 'teste123', 'administrador': 'true'}</msg>
<var>${Body}</var>
<arg>nome=Nome de teste</arg>
<arg>email=${EMAIL}</arg>
<arg>password=teste123</arg>
<arg>administrador=true</arg>
<doc>Creates and returns a dictionary based on the given ``items``.</doc>
<status status="PASS" start="2024-02-05T20:32:38.908057" elapsed="0.000999"/>
</kw>
<kw name="Iniciar Sessao ServeRest" owner="Api_test_usuario">
<kw name="Create Dictionary" owner="BuiltIn">
<msg time="2024-02-05T20:32:38.910054" level="INFO">${headers} = {'accept': 'application/json', 'Content-Type': 'application/json'}</msg>
<var>${headers}</var>
<arg>accept=application/json</arg>
<arg>Content-Type=application/json</arg>
<doc>Creates and returns a dictionary based on the given ``items``.</doc>
<status status="PASS" start="2024-02-05T20:32:38.910054" elapsed="0.000000"/>
</kw>
<kw name="Create Session" owner="RequestsLibrary">
<msg time="2024-02-05T20:32:38.911053" level="INFO">Creating Session using : alias=ServeRest, url=https://serverest.dev, headers={'accept': 'application/json', 'Content-Type': 'application/json'},                     cookies={}, auth=None, timeout=None, proxies=None, verify=False,                     debug=0 </msg>
<arg>alias=ServeRest</arg>
<arg>url=https://serverest.dev</arg>
<arg>headers=${headers}</arg>
<doc>Create Session: create a HTTP session to a server</doc>
<status status="PASS" start="2024-02-05T20:32:38.911053" elapsed="0.001001"/>
</kw>
<status status="PASS" start="2024-02-05T20:32:38.909056" elapsed="0.003999"/>
</kw>
<kw name="POST On Session" owner="RequestsLibrary">
<msg time="2024-02-05T20:32:39.842739" level="INFO">POST Request : url=https://serverest.dev/usuarios 
 path_url=/usuarios 
 headers={'User-Agent': 'python-requests/2.31.0', 'Accept-Encoding': 'gzip, deflate', 'accept': 'application/json', 'Connection': 'keep-alive', 'Content-Type': 'application/json', 'Content-Length': '101'} 
 body=b'{"nome": "Nome de teste", "email": "aisv@teste.com", "password": "teste123", "administrador": "true"}' 
 </msg>
<msg time="2024-02-05T20:32:39.843743" level="INFO">POST Response : url=https://serverest.dev/usuarios 
 status=201, reason=Created 
 headers={'access-control-allow-origin': '*', 'x-dns-prefetch-control': 'off', 'x-frame-options': 'SAMEORIGIN', 'strict-transport-security': 'max-age=15552000; includeSubDomains', 'x-download-options': 'noopen', 'x-content-type-options': 'nosniff', 'x-xss-protection': '1; mode=block', 'content-type': 'application/json; charset=utf-8', 'X-Cloud-Trace-Context': 'f928d021af3182ed4b455f15f03a91fb;o=1', 'Date': 'Tue, 06 Feb 2024 00:32:31 GMT', 'Server': 'Google Frontend', 'Content-Length': '82'} 
 body={
    "message": "Cadastro realizado com sucesso",
    "_id": "83vKhMfYYnB82A9U"
} 
 </msg>
<msg time="2024-02-05T20:32:39.843743" level="INFO">C:\Users\junio\AppData\Local\Programs\Python\Python312\Lib\site-packages\urllib3\connectionpool.py:1103: InsecureRequestWarning: Unverified HTTPS request is being made to host 'serverest.dev'. Adding certificate verification is strongly advised. See: https://urllib3.readthedocs.io/en/latest/advanced-usage.html#tls-warnings
  warnings.warn(</msg>
<msg time="2024-02-05T20:32:39.844743" level="INFO">${RESPOSTA} = &lt;Response [201]&gt;</msg>
<var>${RESPOSTA}</var>
<arg>alias=ServeRest</arg>
<arg>url=/usuarios</arg>
<arg>json=${Body}</arg>
<doc>Sends a POST request on a previously created HTTP Session.</doc>
<status status="PASS" start="2024-02-05T20:32:38.917051" elapsed="0.927692"/>
</kw>
<kw name="Log" owner="BuiltIn">
<msg time="2024-02-05T20:32:39.845763" level="INFO">Reponsta_Json: {'message': 'Cadastro realizado com sucesso', '_id': '83vKhMfYYnB82A9U'}</msg>
<arg>Reponsta_Json: ${RESPOSTA.json()}</arg>
<doc>Logs the given message with the given level.</doc>
<status status="PASS" start="2024-02-05T20:32:39.844743" elapsed="0.001020"/>
</kw>
<kw name="Set Test Variable" owner="BuiltIn">
<msg time="2024-02-05T20:32:39.846763" level="INFO">${RESPOSTAJSON} = {'message': 'Cadastro realizado com sucesso', '_id': '83vKhMfYYnB82A9U'}</msg>
<arg>${RESPOSTAJSON}</arg>
<arg>${RESPOSTA.json()}</arg>
<doc>Makes a variable available everywhere within the scope of the current test.</doc>
<status status="PASS" start="2024-02-05T20:32:39.845763" elapsed="0.001998"/>
</kw>
<status status="PASS" start="2024-02-05T20:32:38.907057" elapsed="0.940704"/>
</kw>
<kw name="Iniciar Sessao ServeRest" owner="Api_test_usuario">
<kw name="Create Dictionary" owner="BuiltIn">
<msg time="2024-02-05T20:32:39.848761" level="INFO">${headers} = {'accept': 'application/json', 'Content-Type': 'application/json'}</msg>
<var>${headers}</var>
<arg>accept=application/json</arg>
<arg>Content-Type=application/json</arg>
<doc>Creates and returns a dictionary based on the given ``items``.</doc>
<status status="PASS" start="2024-02-05T20:32:39.848761" elapsed="0.000000"/>
</kw>
<kw name="Create Session" owner="RequestsLibrary">
<msg time="2024-02-05T20:32:39.848761" level="INFO">Creating Session using : alias=ServeRest, url=https://serverest.dev, headers={'accept': 'application/json', 'Content-Type': 'application/json'},                     cookies={}, auth=None, timeout=None, proxies=None, verify=False,                     debug=0 </msg>
<arg>alias=ServeRest</arg>
<arg>url=https://serverest.dev</arg>
<arg>headers=${headers}</arg>
<doc>Create Session: create a HTTP session to a server</doc>
<status status="PASS" start="2024-02-05T20:32:39.848761" elapsed="0.001000"/>
</kw>
<status status="PASS" start="2024-02-05T20:32:39.847761" elapsed="0.002000"/>
</kw>
<kw name="Verificar se o usuário foi criado" owner="Api_test_usuario">
<kw name="Log" owner="BuiltIn">
<msg time="2024-02-05T20:32:39.850760" level="INFO">{'message': 'Cadastro realizado com sucesso', '_id': '83vKhMfYYnB82A9U'}</msg>
<arg>${RESPOSTAJSON}</arg>
<doc>Logs the given message with the given level.</doc>
<status status="PASS" start="2024-02-05T20:32:39.850760" elapsed="0.000000"/>
</kw>
<kw name="Dictionary Should Contain Item" owner="Collections">
<msg time="2024-02-05T20:32:39.851760" level="INFO">False
False</msg>
<arg>${RESPOSTAJSON}</arg>
<arg>message</arg>
<arg>Cadastro realizado com sucesso</arg>
<doc>An item of ``key`` / ``value`` must be found in a ``dictionary``.</doc>
<status status="PASS" start="2024-02-05T20:32:39.850760" elapsed="0.001000"/>
</kw>
<kw name="Dictionary Should Contain Key" owner="Collections">
<msg time="2024-02-05T20:32:39.851760" level="INFO">False</msg>
<arg>${RESPOSTAJSON}</arg>
<arg>_id</arg>
<doc>Fails if ``key`` is not found from ``dictionary``.</doc>
<status status="PASS" start="2024-02-05T20:32:39.851760" elapsed="0.000000"/>
</kw>
<status status="PASS" start="2024-02-05T20:32:39.850760" elapsed="0.001000"/>
</kw>
<doc>Esse teste visa fazer os testes da API ServeRest</doc>
<tag>Cadastro</tag>
<status status="PASS" start="2024-02-05T20:32:38.897061" elapsed="0.955678"/>
</test>
<status status="PASS" start="2024-02-05T20:32:38.138734" elapsed="1.716003"/>
</suite>
<statistics>
<total>
<stat pass="1" fail="0" skip="0">All Tests</stat>
</total>
<tag>
<stat pass="1" fail="0" skip="0">Cadastro</stat>
</tag>
<suite>
<stat pass="1" fail="0" skip="0" id="s1" name="Api test usuario">Api test usuario</stat>
</suite>
</statistics>
<errors>
</errors>
</robot>
